** Drc report for cellSymphony.kicad_pcb **
** Created on 2026-06-18T15:12:45 **
** Report includes: Errors, Warnings **

** Found 59 DRC violations **
[lib_footprint_mismatch]: Footprint 'MODULE_RASPBERRY_PI_ZERO_2_W' does not match copy in library 'RASPBERRY_PI_ZERO_2_W'
    Local override; warning
    @(48.2192 mm, 124.7239 mm): Footprint U1
[lib_footprint_mismatch]: Footprint 'Adafruit_NeoTrellis_Connector_1x5' does not match copy in library 'adafruit-modules'
    Local override; warning
    @(121.3000 mm, 44.0000 mm): Footprint J1
[lib_footprint_mismatch]: Footprint 'Adafruit_PCM510x_I2S_DAC_6250' does not match copy in library 'adafruit-modules'
    Local override; warning
    @(46.1100 mm, 38.2100 mm): Footprint U4
[text_height]: Text height out of range (board setup constraints silk text height min height 0,8000 mm; actual 0,7000 mm)
    Rule: board setup constraints silk text height; warning
    @(60.6900 mm, 24.5500 mm): Footprint text of U2 (GND)
[text_height]: Text height out of range (board setup constraints silk text height min height 0,8000 mm; actual 0,7000 mm)
    Rule: board setup constraints silk text height; warning
    @(60.6900 mm, 27.0900 mm): Footprint text of U2 (VIN)
[text_height]: Text height out of range (board setup constraints silk text height min height 0,8000 mm; actual 0,7000 mm)
    Rule: board setup constraints silk text height; warning
    @(60.6900 mm, 29.6300 mm): Footprint text of U2 (3VO)
[text_height]: Text height out of range (board setup constraints silk text height min height 0,8000 mm; actual 0,7000 mm)
    Rule: board setup constraints silk text height; warning
    @(60.6900 mm, 32.1700 mm): Footprint text of U2 (CD)
[text_height]: Text height out of range (board setup constraints silk text height min height 0,8000 mm; actual 0,7000 mm)
    Rule: board setup constraints silk text height; warning
    @(60.6900 mm, 44.8700 mm): Footprint text of U2 (DC)
[text_height]: Text height out of range (board setup constraints silk text height min height 0,8000 mm; actual 0,7000 mm)
    Rule: board setup constraints silk text height; warning
    @(60.6900 mm, 47.4100 mm): Footprint text of U2 (SCK)
[text_height]: Text height out of range (board setup constraints silk text height min height 0,8000 mm; actual 0,7000 mm)
    Rule: board setup constraints silk text height; warning
    @(61.0000 mm, 49.9500 mm): Footprint text of U2 (MOSI)
[text_height]: Text height out of range (board setup constraints silk text height min height 0,8000 mm; actual 0,7000 mm)
    Rule: board setup constraints silk text height; warning
    @(61.2500 mm, 34.7100 mm): Footprint text of U2 (MISO)
[text_height]: Text height out of range (board setup constraints silk text height min height 0,8000 mm; actual 0,7000 mm)
    Rule: board setup constraints silk text height; warning
    @(61.2500 mm, 37.2500 mm): Footprint text of U2 (SDCS)
[text_height]: Text height out of range (board setup constraints silk text height min height 0,8000 mm; actual 0,7000 mm)
    Rule: board setup constraints silk text height; warning
    @(61.2500 mm, 42.3300 mm): Footprint text of U2 (RESET)
[text_height]: Text height out of range (board setup constraints silk text height min height 0,8000 mm; actual 0,7000 mm)
    Rule: board setup constraints silk text height; warning
    @(61.7500 mm, 39.7900 mm): Footprint text of U2 (OLEDCS)
[text_height]: Text height out of range (board setup constraints silk text height min height 0,8000 mm; actual 0,7000 mm)
    Rule: board setup constraints silk text height; warning
    @(102.9550 mm, 95.6000 mm): Footprint text of U5 (VIN)
[text_height]: Text height out of range (board setup constraints silk text height min height 0,8000 mm; actual 0,7000 mm)
    Rule: board setup constraints silk text height; warning
    @(102.9550 mm, 98.1400 mm): Footprint text of U5 (3)
[text_height]: Text height out of range (board setup constraints silk text height min height 0,8000 mm; actual 0,7000 mm)
    Rule: board setup constraints silk text height; warning
    @(102.9550 mm, 100.6800 mm): Footprint text of U5 (-)
[text_height]: Text height out of range (board setup constraints silk text height min height 0,8000 mm; actual 0,7000 mm)
    Rule: board setup constraints silk text height; warning
    @(102.9550 mm, 103.2200 mm): Footprint text of U5 (C)
[text_height]: Text height out of range (board setup constraints silk text height min height 0,8000 mm; actual 0,7000 mm)
    Rule: board setup constraints silk text height; warning
    @(102.9550 mm, 105.7600 mm): Footprint text of U5 (D)
[text_height]: Text height out of range (board setup constraints silk text height min height 0,8000 mm; actual 0,7000 mm)
    Rule: board setup constraints silk text height; warning
    @(102.9550 mm, 108.3000 mm): Footprint text of U5 (INT)
[text_height]: Text height out of range (board setup constraints silk text height min height 0,8000 mm; actual 0,7000 mm)
    Rule: board setup constraints silk text height; warning
    @(115.6550 mm, 95.6000 mm): Footprint text of U5 (VIN)
[text_height]: Text height out of range (board setup constraints silk text height min height 0,8000 mm; actual 0,7000 mm)
    Rule: board setup constraints silk text height; warning
    @(115.6550 mm, 98.1400 mm): Footprint text of U5 (3)
[text_height]: Text height out of range (board setup constraints silk text height min height 0,8000 mm; actual 0,7000 mm)
    Rule: board setup constraints silk text height; warning
    @(115.6550 mm, 100.6800 mm): Footprint text of U5 (-)
[text_height]: Text height out of range (board setup constraints silk text height min height 0,8000 mm; actual 0,7000 mm)
    Rule: board setup constraints silk text height; warning
    @(115.6550 mm, 103.2200 mm): Footprint text of U5 (C)
[text_height]: Text height out of range (board setup constraints silk text height min height 0,8000 mm; actual 0,7000 mm)
    Rule: board setup constraints silk text height; warning
    @(115.6550 mm, 105.7600 mm): Footprint text of U5 (D)
[text_height]: Text height out of range (board setup constraints silk text height min height 0,8000 mm; actual 0,7000 mm)
    Rule: board setup constraints silk text height; warning
    @(115.6550 mm, 108.3000 mm): Footprint text of U5 (INT)
[text_height]: Text height out of range (board setup constraints silk text height min height 0,8000 mm; actual 0,7000 mm)
    Rule: board setup constraints silk text height; warning
    @(21.9800 mm, 32.7500 mm): Footprint text of U4 (ROUT)
[text_height]: Text height out of range (board setup constraints silk text height min height 0,8000 mm; actual 0,7000 mm)
    Rule: board setup constraints silk text height; warning
    @(24.5200 mm, 22.9700 mm): Footprint text of U4 (3V)
[text_height]: Text height out of range (board setup constraints silk text height min height 0,8000 mm; actual 0,7000 mm)
    Rule: board setup constraints silk text height; warning
    @(24.5200 mm, 33.1300 mm): Footprint text of U4 (G)
[text_height]: Text height out of range (board setup constraints silk text height min height 0,8000 mm; actual 0,7000 mm)
    Rule: board setup constraints silk text height; warning
    @(27.0600 mm, 22.9700 mm): Footprint text of U4 (FM)
[text_height]: Text height out of range (board setup constraints silk text height min height 0,8000 mm; actual 0,7000 mm)
    Rule: board setup constraints silk text height; warning
    @(27.0600 mm, 33.0000 mm): Footprint text of U4 (LOUT)
[text_height]: Text height out of range (board setup constraints silk text height min height 0,8000 mm; actual 0,7000 mm)
    Rule: board setup constraints silk text height; warning
    @(29.6000 mm, 22.9700 mm): Footprint text of U4 (MU)
[text_height]: Text height out of range (board setup constraints silk text height min height 0,8000 mm; actual 0,7000 mm)
    Rule: board setup constraints silk text height; warning
    @(29.6000 mm, 33.1300 mm): Footprint text of U4 (BCK)
[text_height]: Text height out of range (board setup constraints silk text height min height 0,8000 mm; actual 0,7000 mm)
    Rule: board setup constraints silk text height; warning
    @(32.1400 mm, 22.9700 mm): Footprint text of U4 (MCK)
[text_height]: Text height out of range (board setup constraints silk text height min height 0,8000 mm; actual 0,7000 mm)
    Rule: board setup constraints silk text height; warning
    @(32.1400 mm, 33.1300 mm): Footprint text of U4 (DIN)
[text_height]: Text height out of range (board setup constraints silk text height min height 0,8000 mm; actual 0,7000 mm)
    Rule: board setup constraints silk text height; warning
    @(34.6800 mm, 22.9700 mm): Footprint text of U4 (FIL)
[text_height]: Text height out of range (board setup constraints silk text height min height 0,8000 mm; actual 0,7000 mm)
    Rule: board setup constraints silk text height; warning
    @(34.6800 mm, 32.7500 mm): Footprint text of U4 (WSEL)
[text_height]: Text height out of range (board setup constraints silk text height min height 0,8000 mm; actual 0,7000 mm)
    Rule: board setup constraints silk text height; warning
    @(37.2200 mm, 22.9700 mm): Footprint text of U4 (DE)
[text_height]: Text height out of range (board setup constraints silk text height min height 0,8000 mm; actual 0,7000 mm)
    Rule: board setup constraints silk text height; warning
    @(37.2200 mm, 33.1300 mm): Footprint text of U4 (GND)
[text_height]: Text height out of range (board setup constraints silk text height min height 0,8000 mm; actual 0,7000 mm)
    Rule: board setup constraints silk text height; warning
    @(39.7600 mm, 33.1300 mm): Footprint text of U4 (VIN)
[text_height]: Text height out of range (board setup constraints silk text height min height 0,8000 mm; actual 0,7000 mm)
    Rule: board setup constraints silk text height; warning
    @(24.0000 mm, 79.5400 mm): Footprint text of U3 (CC2)
[text_height]: Text height out of range (board setup constraints silk text height min height 0,8000 mm; actual 0,7000 mm)
    Rule: board setup constraints silk text height; warning
    @(24.0000 mm, 82.0800 mm): Footprint text of U3 (SBU1)
[text_height]: Text height out of range (board setup constraints silk text height min height 0,8000 mm; actual 0,7000 mm)
    Rule: board setup constraints silk text height; warning
    @(24.0000 mm, 92.2400 mm): Footprint text of U3 (SBU2)
[text_height]: Text height out of range (board setup constraints silk text height min height 0,8000 mm; actual 0,7000 mm)
    Rule: board setup constraints silk text height; warning
    @(24.2500 mm, 89.7500 mm): Footprint text of U3 (CC1)
[text_height]: Text height out of range (board setup constraints silk text height min height 0,8000 mm; actual 0,7000 mm)
    Rule: board setup constraints silk text height; warning
    @(24.7500 mm, 84.6200 mm): Footprint text of U3 (D+)
[text_height]: Text height out of range (board setup constraints silk text height min height 0,8000 mm; actual 0,7000 mm)
    Rule: board setup constraints silk text height; warning
    @(24.7500 mm, 87.1600 mm): Footprint text of U3 (D-)
[text_height]: Text height out of range (board setup constraints silk text height min height 0,8000 mm; actual 0,7000 mm)
    Rule: board setup constraints silk text height; warning
    @(24.9200 mm, 94.7800 mm): Footprint text of U3 (VBUS)
[text_height]: Text height out of range (board setup constraints silk text height min height 0,8000 mm; actual 0,7000 mm)
    Rule: board setup constraints silk text height; warning
    @(24.9200 mm, 97.3200 mm): Footprint text of U3 (GND)
[silk_overlap]: Silkscreen clearance
    Rule: board setup constraints silk; warning
    @(24.0000 mm, 92.2400 mm): Footprint text of U3 (SBU2)
    @(22.7200 mm, 83.7700 mm): Segment of U3 on F.Silkscreen
[silk_over_copper]: Silkscreen clipped by solder mask
    Local override; warning
    @(18.0200 mm, 83.7700 mm): Segment of U3 on F.Silkscreen
    @(22.4300 mm, 84.1100 mm): PTH pad M2 [<no net>] of U3
[silk_over_copper]: Silkscreen clipped by solder mask
    Local override; warning
    @(18.0200 mm, 83.7700 mm): Segment of U3 on F.Silkscreen
    @(18.2500 mm, 84.1100 mm): PTH pad M4 [<no net>] of U3
[silk_over_copper]: Silkscreen clipped by solder mask
    Local override; warning
    @(18.0200 mm, 93.0700 mm): Segment of U3 on F.Silkscreen
    @(18.2500 mm, 92.7500 mm): PTH pad M3 [<no net>] of U3
[silk_over_copper]: Silkscreen clipped by solder mask
    Local override; warning
    @(18.0200 mm, 93.0700 mm): Segment of U3 on F.Silkscreen
    @(18.2500 mm, 84.1100 mm): PTH pad M4 [<no net>] of U3
[silk_over_copper]: Silkscreen clipped by solder mask
    Local override; warning
    @(22.7200 mm, 83.7700 mm): Segment of U3 on F.Silkscreen
    @(22.4300 mm, 92.7500 mm): PTH pad M1 [<no net>] of U3
[silk_over_copper]: Silkscreen clipped by solder mask
    Local override; warning
    @(22.7200 mm, 83.7700 mm): Segment of U3 on F.Silkscreen
    @(22.4300 mm, 84.1100 mm): PTH pad M2 [<no net>] of U3
[silk_over_copper]: Silkscreen clipped by solder mask
    Local override; warning
    @(22.7200 mm, 93.0700 mm): Segment of U3 on F.Silkscreen
    @(22.4300 mm, 92.7500 mm): PTH pad M1 [<no net>] of U3
[silk_over_copper]: Silkscreen clipped by solder mask
    Local override; warning
    @(22.7200 mm, 93.0700 mm): Segment of U3 on F.Silkscreen
    @(18.2500 mm, 92.7500 mm): PTH pad M3 [<no net>] of U3
[silk_over_copper]: Silkscreen clipped by solder mask
    Local override; warning
    @(24.0000 mm, 92.2400 mm): Footprint text of U3 (SBU2)
    @(22.4300 mm, 92.7500 mm): PTH pad M1 [<no net>] of U3
[silk_over_copper]: Silkscreen clipped by solder mask
    Local override; warning
    @(24.9200 mm, 94.7800 mm): Footprint text of U3 (VBUS)
    @(27.0800 mm, 94.7800 mm): PTH pad VBUS [+5V] of U3

** Found 0 unconnected pads **

** Found 0 Footprint errors **

** Ignored checks **
    - Footprint has no courtyard defined
    - Track endpoint not centered on via
    - Tuning profile track geometries
    - Footprint doesn't match symbol's footprint filters
    - Footprint component type doesn't match footprint pads

** End of Report **
