ERC report (2026-06-18T08:21:56, Encoding UTF8)
Report includes: Errors

***** Sheet /
[pin_not_connected]: Pin not connected
    ; error
    @(650 mils, 1950 mils): Symbol U2 Pin 3V [3VO, Passive, Line]
[pin_not_connected]: Pin not connected
    ; error
    @(3400 mils, 3750 mils): Symbol U1 Pin 27 [ID_SD, Bidirectional, Line]
[pin_not_connected]: Pin not connected
    ; error
    @(3400 mils, 3850 mils): Symbol U1 Pin 28 [ID_SC, Bidirectional, Line]
[power_pin_not_driven]: Input Power pin not driven by any Output Power pins
    ; error
    @(5800 mils, 1850 mils): Symbol U1 Pin 2 [5V_2, Power input, Line]
[pin_not_connected]: Pin not connected
    ; error
    @(5800 mils, 2050 mils): Symbol U1 Pin 1 [3V3_1, Power input, Line]
[power_pin_not_driven]: Input Power pin not driven by any Output Power pins
    ; error
    @(5800 mils, 2050 mils): Symbol U1 Pin 1 [3V3_1, Power input, Line]
[pin_not_connected]: Pin not connected
    ; error
    @(5800 mils, 2150 mils): Symbol U1 Pin 17 [3V3_17, Power input, Line]
[power_pin_not_driven]: Input Power pin not driven by any Output Power pins
    ; error
    @(5800 mils, 2150 mils): Symbol U1 Pin 17 [3V3_17, Power input, Line]
[pin_not_connected]: Pin not connected
    ; error
    @(4650 mils, 5200 mils): Symbol U4 Pin 3V [3V, Passive, Line]
[power_pin_not_driven]: Input Power pin not driven by any Output Power pins
    ; error
    @(5800 mils, 3950 mils): Symbol U1 Pin 6 [GND_6, Power input, Line]
[pin_not_connected]: Pin not connected
    ; error
    @(4650 mils, 5300 mils): Symbol U4 Pin FM [FM, Passive, Line]
[pin_not_connected]: Pin not connected
    ; error
    @(4650 mils, 5400 mils): Symbol U4 Pin MU [MU, Passive, Line]
[pin_not_connected]: Pin not connected
    ; error
    @(4650 mils, 5500 mils): Symbol U4 Pin MCK [MCK, Passive, Line]
[pin_not_connected]: Pin not connected
    ; error
    @(4650 mils, 5600 mils): Symbol U4 Pin FIL [FIL, Passive, Line]
[pin_not_connected]: Pin not connected
    ; error
    @(4650 mils, 5700 mils): Symbol U4 Pin DE [DE, Passive, Line]
[pin_not_connected]: Pin not connected
    ; error
    @(5450 mils, 5700 mils): Symbol U4 Pin LOUT [LOUT, Passive, Line]
[pin_not_connected]: Pin not connected
    ; error
    @(5450 mils, 5800 mils): Symbol U4 Pin G [G, Passive, Line]
[pin_not_connected]: Pin not connected
    ; error
    @(5450 mils, 5900 mils): Symbol U4 Pin ROUT [ROUT, Passive, Line]
[pin_not_connected]: Pin not connected
    ; error
    @(7200 mils, 5550 mils): Symbol U3 Pin SBU2 [SBU2, Passive, Line]
[pin_not_connected]: Pin not connected
    ; error
    @(7200 mils, 5650 mils): Symbol U3 Pin CC1 [CC1, Passive, Line]
[pin_not_connected]: Pin not connected
    ; error
    @(8000 mils, 5350 mils): Symbol U3 Pin D- [D-, Passive, Line]
[pin_not_connected]: Pin not connected
    ; error
    @(8000 mils, 5450 mils): Symbol U3 Pin D+ [D+, Passive, Line]
[pin_not_connected]: Pin not connected
    ; error
    @(8000 mils, 5550 mils): Symbol U3 Pin SBU1 [SBU1, Passive, Line]
[pin_not_connected]: Pin not connected
    ; error
    @(8000 mils, 5650 mils): Symbol U3 Pin CC2 [CC2, Passive, Line]

 ** ERC messages: 24  Errors 24  Warnings 0

 ** Ignored checks:
    - Global label only appears once in the schematic
    - Four connection points are joined together
    - SPICE model issue
    - Assigned footprint doesn't match footprint filters
